mode: set
github.com/westhuis/monty-hall/cmd/monty-hall/main.go:11.13,16.35 3 0
github.com/westhuis/monty-hall/cmd/monty-hall/main.go:16.35,19.3 2 0
github.com/westhuis/monty-hall/pkg/stats/collector.go:20.32,26.2 1 1
github.com/westhuis/monty-hall/pkg/stats/collector.go:28.63,29.19 1 1
github.com/westhuis/monty-hall/pkg/stats/collector.go:29.19,31.3 1 1
github.com/westhuis/monty-hall/pkg/stats/collector.go:33.2,38.47 3 1
github.com/westhuis/monty-hall/pkg/stats/collector.go:38.47,41.3 1 0
github.com/westhuis/monty-hall/pkg/stats/collector.go:43.2,48.12 5 1
github.com/westhuis/monty-hall/pkg/stats/collector.go:51.74,67.2 2 1
github.com/westhuis/monty-hall/pkg/stats/collector.go:69.45,73.2 3 1
github.com/westhuis/monty-hall/pkg/stats/collector.go:75.61,78.16 2 1
github.com/westhuis/monty-hall/pkg/stats/collector.go:78.16,80.3 1 1
github.com/westhuis/monty-hall/pkg/stats/collector.go:80.8,82.3 1 1
github.com/westhuis/monty-hall/pkg/stats/collector.go:84.2,84.36 1 1
github.com/westhuis/monty-hall/pkg/stats/collector.go:84.36,86.17 2 1
github.com/westhuis/monty-hall/pkg/stats/collector.go:86.17,88.4 1 1
github.com/westhuis/monty-hall/pkg/stats/collector.go:88.9,90.4 1 1
github.com/westhuis/monty-hall/pkg/stats/collector.go:91.3,91.109 1 1
github.com/westhuis/monty-hall/pkg/stats/collector.go:92.8,94.17 2 1
github.com/westhuis/monty-hall/pkg/stats/collector.go:94.17,96.4 1 1
github.com/westhuis/monty-hall/pkg/stats/collector.go:96.9,98.4 1 1
github.com/westhuis/monty-hall/pkg/stats/collector.go:99.3,99.103 1 1
github.com/westhuis/monty-hall/pkg/stats/collector.go:103.57,107.13 3 1
github.com/westhuis/monty-hall/pkg/stats/collector.go:107.13,111.3 1 1
github.com/westhuis/monty-hall/pkg/stats/collector.go:113.2,117.16 4 1
github.com/westhuis/monty-hall/pkg/stats/collector.go:117.16,119.3 1 1
github.com/westhuis/monty-hall/pkg/stats/collector.go:119.8,121.3 1 1
github.com/westhuis/monty-hall/pkg/stats/collector.go:123.2,125.36 2 1
github.com/westhuis/monty-hall/pkg/stats/collector.go:125.36,127.3 1 1
github.com/westhuis/monty-hall/pkg/stats/collector.go:127.8,129.3 1 1
github.com/westhuis/monty-hall/pkg/stats/collector.go:131.2,131.37 1 1
github.com/westhuis/monty-hall/pkg/stats/collector.go:134.58,135.16 1 1
github.com/westhuis/monty-hall/pkg/stats/collector.go:135.16,139.82 3 1
github.com/westhuis/monty-hall/pkg/stats/collector.go:139.82,141.4 1 1
github.com/westhuis/monty-hall/pkg/stats/collector.go:142.8,146.84 3 1
github.com/westhuis/monty-hall/pkg/stats/collector.go:146.84,148.4 1 1
github.com/westhuis/monty-hall/pkg/stats/collector.go:151.2,151.36 1 1
github.com/westhuis/monty-hall/pkg/stats/collector.go:151.36,154.3 2 1
github.com/westhuis/monty-hall/pkg/stats/collector.go:154.8,157.3 2 1
github.com/westhuis/monty-hall/pkg/stats/collector.go:160.56,164.34 3 1
github.com/westhuis/monty-hall/pkg/stats/collector.go:164.34,166.3 1 1
github.com/westhuis/monty-hall/pkg/stats/collector.go:168.2,168.42 1 1
github.com/westhuis/monty-hall/pkg/stats/collector.go:171.43,173.2 1 1
github.com/westhuis/monty-hall/pkg/stats/collector.go:175.47,185.26 3 1
github.com/westhuis/monty-hall/pkg/stats/collector.go:185.26,187.3 1 1
github.com/westhuis/monty-hall/pkg/stats/collector.go:189.2,189.39 1 1
github.com/westhuis/monty-hall/pkg/stats/collector.go:189.39,191.3 1 1
github.com/westhuis/monty-hall/pkg/stats/collector.go:193.2,193.37 1 1
github.com/westhuis/monty-hall/pkg/stats/collector.go:193.37,195.3 1 1
github.com/westhuis/monty-hall/pkg/stats/collector.go:197.2,199.65 2 1
github.com/westhuis/monty-hall/pkg/stats/collector.go:199.65,201.3 1 0
github.com/westhuis/monty-hall/pkg/stats/collector.go:201.8,201.72 1 1
github.com/westhuis/monty-hall/pkg/stats/collector.go:201.72,203.3 1 0
github.com/westhuis/monty-hall/pkg/stats/collector.go:203.8,205.3 1 1
github.com/westhuis/monty-hall/pkg/stats/collector.go:207.2,209.16 2 1
github.com/westhuis/monty-hall/pkg/stats/collector.go:212.60,213.21 1 1
github.com/westhuis/monty-hall/pkg/stats/collector.go:213.21,215.3 1 1
github.com/westhuis/monty-hall/pkg/stats/collector.go:216.2,216.21 1 1
github.com/westhuis/monty-hall/pkg/stats/collector.go:216.21,218.3 1 1
github.com/westhuis/monty-hall/pkg/stats/collector.go:219.2,219.19 1 1
github.com/westhuis/monty-hall/pkg/stats/collector.go:219.19,221.3 1 1
github.com/westhuis/monty-hall/pkg/stats/collector.go:222.2,222.40 1 1
github.com/westhuis/monty-hall/pkg/stats/collector.go:225.44,229.32 3 1
github.com/westhuis/monty-hall/pkg/stats/collector.go:229.32,231.3 1 1
github.com/westhuis/monty-hall/pkg/stats/collector.go:233.2,236.30 3 1
github.com/westhuis/monty-hall/pkg/stats/collector.go:236.30,237.15 1 1
github.com/westhuis/monty-hall/pkg/stats/collector.go:237.15,239.4 1 1
github.com/westhuis/monty-hall/pkg/stats/collector.go:242.2,242.14 1 1
github.com/westhuis/monty-hall/pkg/stats/collector.go:243.9,244.27 1 1
github.com/westhuis/monty-hall/pkg/stats/collector.go:245.9,246.27 1 1
github.com/westhuis/monty-hall/pkg/stats/collector.go:247.9,248.22 1 0
github.com/westhuis/monty-hall/pkg/stats/collector.go:249.9,250.22 1 1
github.com/westhuis/monty-hall/pkg/stats/collector.go:251.9,252.22 1 0
github.com/westhuis/monty-hall/pkg/stats/collector.go:253.10,254.27 1 0
github.com/westhuis/monty-hall/pkg/stats/collector.go:258.71,261.45 2 1
github.com/westhuis/monty-hall/pkg/stats/collector.go:261.45,262.38 1 1
github.com/westhuis/monty-hall/pkg/stats/collector.go:262.38,264.4 1 1
github.com/westhuis/monty-hall/pkg/stats/collector.go:267.2,267.54 1 1
github.com/westhuis/monty-hall/pkg/stats/collector.go:267.54,270.3 2 1
github.com/westhuis/monty-hall/pkg/stats/collector.go:272.2,272.17 1 1
github.com/westhuis/monty-hall/pkg/stats/collector.go:275.79,276.67 1 1
github.com/westhuis/monty-hall/pkg/stats/collector.go:276.67,278.3 1 1
github.com/westhuis/monty-hall/pkg/stats/collector.go:280.2,280.29 1 1
github.com/westhuis/monty-hall/pkg/stats/collector.go:280.29,281.102 1 0
github.com/westhuis/monty-hall/pkg/stats/collector.go:281.102,283.4 1 0
github.com/westhuis/monty-hall/pkg/stats/collector.go:286.2,286.35 1 1
github.com/westhuis/monty-hall/pkg/stats/collector.go:286.35,288.3 1 1
github.com/westhuis/monty-hall/pkg/stats/collector.go:290.2,290.35 1 1
github.com/westhuis/monty-hall/pkg/stats/collector.go:290.35,292.3 1 0
github.com/westhuis/monty-hall/pkg/stats/collector.go:294.2,294.13 1 1
github.com/westhuis/monty-hall/pkg/stats/collector.go:297.29,301.2 1 1
github.com/westhuis/monty-hall/pkg/stats/persistence.go:21.70,24.48 2 1
github.com/westhuis/monty-hall/pkg/stats/persistence.go:24.48,26.3 1 1
github.com/westhuis/monty-hall/pkg/stats/persistence.go:26.8,28.17 2 1
github.com/westhuis/monty-hall/pkg/stats/persistence.go:28.17,30.4 1 0
github.com/westhuis/monty-hall/pkg/stats/persistence.go:30.9,33.4 2 1
github.com/westhuis/monty-hall/pkg/stats/persistence.go:36.2,38.3 1 1
github.com/westhuis/monty-hall/pkg/stats/persistence.go:41.60,42.18 1 1
github.com/westhuis/monty-hall/pkg/stats/persistence.go:42.18,44.3 1 1
github.com/westhuis/monty-hall/pkg/stats/persistence.go:46.2,47.47 2 1
github.com/westhuis/monty-hall/pkg/stats/persistence.go:47.47,49.3 1 0
github.com/westhuis/monty-hall/pkg/stats/persistence.go:51.2,52.16 2 1
github.com/westhuis/monty-hall/pkg/stats/persistence.go:52.16,54.3 1 0
github.com/westhuis/monty-hall/pkg/stats/persistence.go:56.2,56.62 1 1
github.com/westhuis/monty-hall/pkg/stats/persistence.go:56.62,58.3 1 0
github.com/westhuis/monty-hall/pkg/stats/persistence.go:60.2,60.12 1 1
github.com/westhuis/monty-hall/pkg/stats/persistence.go:63.58,64.18 1 1
github.com/westhuis/monty-hall/pkg/stats/persistence.go:64.18,68.3 1 1
github.com/westhuis/monty-hall/pkg/stats/persistence.go:70.2,71.16 2 1
github.com/westhuis/monty-hall/pkg/stats/persistence.go:71.16,73.3 1 0
github.com/westhuis/monty-hall/pkg/stats/persistence.go:75.2,76.53 2 1
github.com/westhuis/monty-hall/pkg/stats/persistence.go:76.53,78.3 1 0
github.com/westhuis/monty-hall/pkg/stats/persistence.go:80.2,80.29 1 1
github.com/westhuis/monty-hall/pkg/stats/persistence.go:80.29,82.3 1 0
github.com/westhuis/monty-hall/pkg/stats/persistence.go:84.2,84.20 1 1
github.com/westhuis/monty-hall/pkg/stats/persistence.go:87.45,90.2 2 1
github.com/westhuis/monty-hall/pkg/stats/persistence.go:92.46,93.18 1 1
github.com/westhuis/monty-hall/pkg/stats/persistence.go:93.18,95.3 1 0
github.com/westhuis/monty-hall/pkg/stats/persistence.go:97.2,97.47 1 1
github.com/westhuis/monty-hall/pkg/stats/persistence.go:97.47,99.3 1 0
github.com/westhuis/monty-hall/pkg/stats/persistence.go:101.2,101.12 1 1
github.com/westhuis/monty-hall/pkg/stats/persistence.go:104.52,106.2 1 1
github.com/westhuis/monty-hall/pkg/stats/persistence.go:108.60,109.18 1 1
github.com/westhuis/monty-hall/pkg/stats/persistence.go:109.18,111.3 1 1
github.com/westhuis/monty-hall/pkg/stats/persistence.go:113.2,114.16 2 1
github.com/westhuis/monty-hall/pkg/stats/persistence.go:114.16,116.3 1 0
github.com/westhuis/monty-hall/pkg/stats/persistence.go:118.2,118.25 1 1
github.com/westhuis/monty-hall/pkg/stats/persistence.go:121.63,122.18 1 1
github.com/westhuis/monty-hall/pkg/stats/persistence.go:122.18,124.3 1 0
github.com/westhuis/monty-hall/pkg/stats/persistence.go:126.2,127.16 2 1
github.com/westhuis/monty-hall/pkg/stats/persistence.go:127.16,129.3 1 0
github.com/westhuis/monty-hall/pkg/stats/persistence.go:131.2,132.53 2 1
github.com/westhuis/monty-hall/pkg/stats/persistence.go:132.53,134.3 1 0
github.com/westhuis/monty-hall/pkg/stats/persistence.go:136.2,136.61 1 1
github.com/westhuis/monty-hall/pkg/stats/persistence.go:136.61,138.3 1 0
github.com/westhuis/monty-hall/pkg/stats/persistence.go:140.2,140.12 1 1
github.com/westhuis/monty-hall/pkg/stats/persistence.go:143.64,144.47 1 1
github.com/westhuis/monty-hall/pkg/stats/persistence.go:144.47,146.3 1 0
github.com/westhuis/monty-hall/pkg/stats/persistence.go:148.2,149.16 2 1
github.com/westhuis/monty-hall/pkg/stats/persistence.go:149.16,151.3 1 0
github.com/westhuis/monty-hall/pkg/stats/persistence.go:153.2,154.53 2 1
github.com/westhuis/monty-hall/pkg/stats/persistence.go:154.53,156.3 1 0
github.com/westhuis/monty-hall/pkg/stats/persistence.go:158.2,159.47 2 1
github.com/westhuis/monty-hall/pkg/stats/persistence.go:159.47,161.3 1 0
github.com/westhuis/monty-hall/pkg/stats/persistence.go:163.2,163.62 1 1
github.com/westhuis/monty-hall/pkg/stats/persistence.go:163.62,165.3 1 0
github.com/westhuis/monty-hall/pkg/stats/persistence.go:167.2,167.12 1 1
github.com/westhuis/monty-hall/pkg/stats/persistence.go:175.58,179.16 3 1
github.com/westhuis/monty-hall/pkg/stats/persistence.go:179.16,183.3 1 0
github.com/westhuis/monty-hall/pkg/stats/persistence.go:185.2,190.3 2 1
github.com/westhuis/monty-hall/pkg/stats/persistence.go:193.67,194.56 1 1
github.com/westhuis/monty-hall/pkg/stats/persistence.go:194.56,196.3 1 0
github.com/westhuis/monty-hall/pkg/stats/persistence.go:198.2,198.53 1 1
github.com/westhuis/monty-hall/pkg/stats/persistence.go:201.47,203.2 1 1
github.com/westhuis/monty-hall/pkg/stats/persistence.go:205.51,207.2 1 0
github.com/westhuis/monty-hall/pkg/stats/persistence.go:209.75,211.2 1 0
github.com/westhuis/monty-hall/pkg/stats/persistence.go:213.39,216.2 2 1
github.com/westhuis/monty-hall/pkg/stats/persistence.go:218.57,220.2 1 1
github.com/westhuis/monty-hall/pkg/stats/persistence.go:222.58,223.59 1 1
github.com/westhuis/monty-hall/pkg/stats/persistence.go:223.59,225.3 1 0
github.com/westhuis/monty-hall/pkg/stats/persistence.go:227.2,228.16 2 1
github.com/westhuis/monty-hall/pkg/stats/persistence.go:228.16,230.3 1 0
github.com/westhuis/monty-hall/pkg/stats/persistence.go:232.2,233.12 2 1
github.com/westhuis/monty-hall/pkg/stats/persistence.go:236.46,238.2 1 0
github.com/westhuis/monty-hall/pkg/stats/persistence.go:240.54,242.2 1 0
github.com/westhuis/monty-hall/pkg/game/door.go:31.59,38.2 1 1
github.com/westhuis/monty-hall/pkg/game/door.go:40.23,42.2 1 1
github.com/westhuis/monty-hall/pkg/game/door.go:44.25,46.2 1 1
github.com/westhuis/monty-hall/pkg/game/door.go:48.24,50.2 1 1
github.com/westhuis/monty-hall/pkg/game/door.go:52.30,54.2 1 1
github.com/westhuis/monty-hall/pkg/game/door.go:56.34,58.2 1 1
github.com/westhuis/monty-hall/pkg/game/door.go:60.32,62.2 1 1
github.com/westhuis/monty-hall/pkg/game/door.go:64.30,66.2 1 1
github.com/westhuis/monty-hall/pkg/game/door.go:68.31,70.2 1 1
github.com/westhuis/monty-hall/pkg/game/door.go:72.32,74.17 2 1
github.com/westhuis/monty-hall/pkg/game/door.go:75.14,76.19 1 1
github.com/westhuis/monty-hall/pkg/game/door.go:77.14,78.19 1 1
github.com/westhuis/monty-hall/pkg/game/door.go:79.16,80.21 1 0
github.com/westhuis/monty-hall/pkg/game/door.go:83.2,84.23 2 1
github.com/westhuis/monty-hall/pkg/game/door.go:84.23,85.23 1 1
github.com/westhuis/monty-hall/pkg/game/door.go:85.23,87.4 1 1
github.com/westhuis/monty-hall/pkg/game/door.go:87.9,89.4 1 1
github.com/westhuis/monty-hall/pkg/game/door.go:92.2,92.59 1 1
github.com/westhuis/monty-hall/pkg/game/door.go:95.41,103.26 5 1
github.com/westhuis/monty-hall/pkg/game/door.go:103.26,105.23 2 1
github.com/westhuis/monty-hall/pkg/game/door.go:105.23,107.4 1 1
github.com/westhuis/monty-hall/pkg/game/door.go:108.3,108.38 1 1
github.com/westhuis/monty-hall/pkg/game/door.go:111.2,111.14 1 1
github.com/westhuis/monty-hall/pkg/game/game.go:53.22,65.34 2 1
github.com/westhuis/monty-hall/pkg/game/game.go:65.34,66.20 1 1
github.com/westhuis/monty-hall/pkg/game/game.go:66.20,68.9 2 1
github.com/westhuis/monty-hall/pkg/game/game.go:72.2,73.13 2 1
github.com/westhuis/monty-hall/pkg/game/game.go:76.55,77.30 1 1
github.com/westhuis/monty-hall/pkg/game/game.go:77.30,79.3 1 1
github.com/westhuis/monty-hall/pkg/game/game.go:81.2,81.48 1 1
github.com/westhuis/monty-hall/pkg/game/game.go:81.48,83.3 1 1
github.com/westhuis/monty-hall/pkg/game/game.go:85.2,90.16 5 1
github.com/westhuis/monty-hall/pkg/game/game.go:90.16,92.3 1 0
github.com/westhuis/monty-hall/pkg/game/game.go:94.2,98.12 4 1
github.com/westhuis/monty-hall/pkg/game/game.go:101.53,102.28 1 1
github.com/westhuis/monty-hall/pkg/game/game.go:102.28,104.3 1 0
github.com/westhuis/monty-hall/pkg/game/game.go:106.2,106.48 1 1
github.com/westhuis/monty-hall/pkg/game/game.go:106.48,108.3 1 1
github.com/westhuis/monty-hall/pkg/game/game.go:110.2,110.33 1 1
github.com/westhuis/monty-hall/pkg/game/game.go:110.33,112.3 1 1
github.com/westhuis/monty-hall/pkg/game/game.go:114.2,120.12 6 1
github.com/westhuis/monty-hall/pkg/game/game.go:123.37,124.28 1 1
github.com/westhuis/monty-hall/pkg/game/game.go:124.28,126.3 1 0
github.com/westhuis/monty-hall/pkg/game/game.go:128.2,128.31 1 1
github.com/westhuis/monty-hall/pkg/game/game.go:128.31,129.51 1 1
github.com/westhuis/monty-hall/pkg/game/game.go:129.51,131.4 1 1
github.com/westhuis/monty-hall/pkg/game/game.go:134.2,134.49 1 0
github.com/westhuis/monty-hall/pkg/game/game.go:137.39,139.2 1 1
github.com/westhuis/monty-hall/pkg/game/game.go:141.34,143.50 2 1
github.com/westhuis/monty-hall/pkg/game/game.go:143.50,145.3 1 1
github.com/westhuis/monty-hall/pkg/game/game.go:147.2,159.3 3 1
github.com/westhuis/monty-hall/pkg/game/game.go:162.44,164.31 2 1
github.com/westhuis/monty-hall/pkg/game/game.go:164.31,165.21 1 1
github.com/westhuis/monty-hall/pkg/game/game.go:165.21,167.4 1 1
github.com/westhuis/monty-hall/pkg/game/game.go:169.2,169.16 1 1
github.com/westhuis/monty-hall/pkg/game/game.go:172.38,173.31 1 1
github.com/westhuis/monty-hall/pkg/game/game.go:173.31,174.24 1 1
github.com/westhuis/monty-hall/pkg/game/game.go:174.24,176.4 1 1
github.com/westhuis/monty-hall/pkg/game/game.go:178.2,178.11 1 1
github.com/westhuis/monty-hall/pkg/game/game.go:181.37,183.31 2 1
github.com/westhuis/monty-hall/pkg/game/game.go:183.31,184.20 1 1
github.com/westhuis/monty-hall/pkg/game/game.go:184.20,186.4 1 1
github.com/westhuis/monty-hall/pkg/game/game.go:188.2,188.18 1 1
github.com/westhuis/monty-hall/pkg/game/game.go:191.34,193.2 1 1
github.com/westhuis/monty-hall/pkg/game/game.go:195.45,196.17 1 1
github.com/westhuis/monty-hall/pkg/game/game.go:197.13,198.34 1 0
github.com/westhuis/monty-hall/pkg/game/game.go:199.21,200.36 1 1
github.com/westhuis/monty-hall/pkg/game/game.go:201.18,202.39 1 0
github.com/westhuis/monty-hall/pkg/game/game.go:203.19,204.51 1 1
github.com/westhuis/monty-hall/pkg/game/game.go:205.16,206.22 1 1
github.com/westhuis/monty-hall/pkg/game/game.go:207.10,208.25 1 0
github.com/westhuis/monty-hall/pkg/game/game.go:212.24,214.2 1 1
github.com/westhuis/monty-hall/pkg/game/game.go:216.54,228.2 1 1
github.com/westhuis/monty-hall/pkg/game/host.go:13.22,17.2 1 1
github.com/westhuis/monty-hall/pkg/game/host.go:19.79,20.28 1 1
github.com/westhuis/monty-hall/pkg/game/host.go:20.28,22.3 1 1
github.com/westhuis/monty-hall/pkg/game/host.go:24.2,24.52 1 1
github.com/westhuis/monty-hall/pkg/game/host.go:24.52,26.3 1 1
github.com/westhuis/monty-hall/pkg/game/host.go:28.2,29.29 2 1
github.com/westhuis/monty-hall/pkg/game/host.go:29.29,30.42 1 1
github.com/westhuis/monty-hall/pkg/game/host.go:30.42,32.4 1 1
github.com/westhuis/monty-hall/pkg/game/host.go:35.2,35.28 1 1
github.com/westhuis/monty-hall/pkg/game/host.go:35.28,37.3 1 1
github.com/westhuis/monty-hall/pkg/game/host.go:39.2,39.28 1 1
github.com/westhuis/monty-hall/pkg/game/host.go:39.28,41.3 1 1
github.com/westhuis/monty-hall/pkg/game/host.go:43.2,44.39 2 1
github.com/westhuis/monty-hall/pkg/game/host.go:47.86,48.28 1 1
github.com/westhuis/monty-hall/pkg/game/host.go:48.28,50.3 1 0
github.com/westhuis/monty-hall/pkg/game/host.go:52.2,52.52 1 1
github.com/westhuis/monty-hall/pkg/game/host.go:52.52,54.3 1 0
github.com/westhuis/monty-hall/pkg/game/host.go:56.2,56.29 1 1
github.com/westhuis/monty-hall/pkg/game/host.go:56.29,57.42 1 1
github.com/westhuis/monty-hall/pkg/game/host.go:57.42,59.4 1 1
github.com/westhuis/monty-hall/pkg/game/host.go:62.2,62.57 1 0
github.com/westhuis/monty-hall/pkg/game/host.go:65.44,76.2 1 1
github.com/westhuis/monty-hall/pkg/game/host.go:78.64,79.52 1 1
github.com/westhuis/monty-hall/pkg/game/host.go:79.52,81.3 1 1
github.com/westhuis/monty-hall/pkg/game/host.go:83.2,84.16 2 1
github.com/westhuis/monty-hall/pkg/game/host.go:84.16,86.3 1 0
github.com/westhuis/monty-hall/pkg/game/host.go:88.2,88.96 1 1
github.com/westhuis/monty-hall/pkg/ui/animations.go:17.39,17.51 1 0
github.com/westhuis/monty-hall/pkg/ui/animations.go:19.38,20.14 1 1
github.com/westhuis/monty-hall/pkg/ui/animations.go:20.14,22.4 1 1
github.com/westhuis/monty-hall/pkg/ui/animations.go:23.3,23.24 1 0
github.com/westhuis/monty-hall/pkg/ui/animations.go:26.39,27.17 1 0
github.com/westhuis/monty-hall/pkg/ui/animations.go:27.17,29.4 1 0
github.com/westhuis/monty-hall/pkg/ui/animations.go:29.9,29.24 1 0
github.com/westhuis/monty-hall/pkg/ui/animations.go:29.24,32.4 2 0
github.com/westhuis/monty-hall/pkg/ui/animations.go:32.9,32.26 1 0
github.com/westhuis/monty-hall/pkg/ui/animations.go:32.26,35.4 2 0
github.com/westhuis/monty-hall/pkg/ui/animations.go:35.9,38.4 2 0
github.com/westhuis/monty-hall/pkg/ui/animations.go:41.40,42.23 1 0
github.com/westhuis/monty-hall/pkg/ui/animations.go:42.23,44.4 1 0
github.com/westhuis/monty-hall/pkg/ui/animations.go:45.3,47.62 3 0
github.com/westhuis/monty-hall/pkg/ui/animations.go:76.88,86.2 1 1
github.com/westhuis/monty-hall/pkg/ui/animations.go:89.29,93.2 3 1
github.com/westhuis/monty-hall/pkg/ui/animations.go:96.29,97.33 1 1
github.com/westhuis/monty-hall/pkg/ui/animations.go:97.33,99.3 1 1
github.com/westhuis/monty-hall/pkg/ui/animations.go:103.30,104.32 1 1
github.com/westhuis/monty-hall/pkg/ui/animations.go:104.32,109.3 3 1
github.com/westhuis/monty-hall/pkg/ui/animations.go:113.28,116.2 2 1
github.com/westhuis/monty-hall/pkg/ui/animations.go:119.35,120.33 1 1
github.com/westhuis/monty-hall/pkg/ui/animations.go:120.33,122.3 1 0
github.com/westhuis/monty-hall/pkg/ui/animations.go:124.2,127.24 3 1
github.com/westhuis/monty-hall/pkg/ui/animations.go:127.24,131.26 3 0
github.com/westhuis/monty-hall/pkg/ui/animations.go:131.26,133.4 1 0
github.com/westhuis/monty-hall/pkg/ui/animations.go:135.3,135.13 1 0
github.com/westhuis/monty-hall/pkg/ui/animations.go:135.13,138.4 2 0
github.com/westhuis/monty-hall/pkg/ui/animations.go:140.3,140.15 1 0
github.com/westhuis/monty-hall/pkg/ui/animations.go:144.2,144.21 1 1
github.com/westhuis/monty-hall/pkg/ui/animations.go:144.21,146.3 1 1
github.com/westhuis/monty-hall/pkg/ui/animations.go:146.8,148.3 1 0
github.com/westhuis/monty-hall/pkg/ui/animations.go:151.2,151.15 1 1
github.com/westhuis/monty-hall/pkg/ui/animations.go:151.15,153.3 1 0
github.com/westhuis/monty-hall/pkg/ui/animations.go:156.2,156.23 1 1
github.com/westhuis/monty-hall/pkg/ui/animations.go:156.23,158.3 1 0
github.com/westhuis/monty-hall/pkg/ui/animations.go:160.2,160.13 1 1
github.com/westhuis/monty-hall/pkg/ui/animations.go:164.38,166.2 1 0
github.com/westhuis/monty-hall/pkg/ui/animations.go:169.39,171.2 1 0
github.com/westhuis/monty-hall/pkg/ui/animations.go:181.46,186.2 1 1
github.com/westhuis/monty-hall/pkg/ui/animations.go:189.64,191.2 1 1
github.com/westhuis/monty-hall/pkg/ui/animations.go:194.56,196.2 1 0
github.com/westhuis/monty-hall/pkg/ui/animations.go:199.64,201.2 1 0
github.com/westhuis/monty-hall/pkg/ui/animations.go:204.55,205.47 1 1
github.com/westhuis/monty-hall/pkg/ui/animations.go:205.47,208.3 2 1
github.com/westhuis/monty-hall/pkg/ui/animations.go:212.54,213.47 1 0
github.com/westhuis/monty-hall/pkg/ui/animations.go:213.47,215.3 1 0
github.com/westhuis/monty-hall/pkg/ui/animations.go:219.49,220.37 1 0
github.com/westhuis/monty-hall/pkg/ui/animations.go:220.37,222.3 1 0
github.com/westhuis/monty-hall/pkg/ui/animations.go:223.2,223.11 1 0
github.com/westhuis/monty-hall/pkg/ui/animations.go:227.46,228.17 1 1
github.com/westhuis/monty-hall/pkg/ui/animations.go:228.17,230.3 1 0
github.com/westhuis/monty-hall/pkg/ui/animations.go:232.2,233.37 2 1
github.com/westhuis/monty-hall/pkg/ui/animations.go:233.37,234.20 1 1
github.com/westhuis/monty-hall/pkg/ui/animations.go:234.20,236.4 1 1
github.com/westhuis/monty-hall/pkg/ui/animations.go:239.2,239.17 1 1
github.com/westhuis/monty-hall/pkg/ui/animations.go:239.17,242.3 2 0
github.com/westhuis/monty-hall/pkg/ui/animations.go:245.2,245.65 1 1
github.com/westhuis/monty-hall/pkg/ui/animations.go:245.65,247.3 1 0
github.com/westhuis/monty-hall/pkg/ui/animations.go:251.45,252.17 1 1
github.com/westhuis/monty-hall/pkg/ui/animations.go:252.17,254.3 1 1
github.com/westhuis/monty-hall/pkg/ui/animations.go:258.36,260.2 1 0
github.com/westhuis/monty-hall/pkg/ui/animations.go:263.57,264.37 1 0
github.com/westhuis/monty-hall/pkg/ui/animations.go:264.37,265.23 1 0
github.com/westhuis/monty-hall/pkg/ui/animations.go:265.23,267.4 1 0
github.com/westhuis/monty-hall/pkg/ui/animations.go:269.2,269.14 1 0
github.com/westhuis/monty-hall/pkg/ui/animations.go:286.61,313.2 4 1
github.com/westhuis/monty-hall/pkg/ui/animations.go:316.74,317.26 1 1
github.com/westhuis/monty-hall/pkg/ui/animations.go:317.26,319.3 1 0
github.com/westhuis/monty-hall/pkg/ui/animations.go:321.2,322.35 2 1
github.com/westhuis/monty-hall/pkg/ui/animations.go:322.35,324.3 1 0
github.com/westhuis/monty-hall/pkg/ui/animations.go:326.2,328.34 3 1
github.com/westhuis/monty-hall/pkg/ui/animations.go:328.34,330.3 1 1
github.com/westhuis/monty-hall/pkg/ui/animations.go:332.2,332.21 1 1
github.com/westhuis/monty-hall/pkg/ui/animations.go:344.104,354.2 3 1
github.com/westhuis/monty-hall/pkg/ui/animations.go:357.60,360.19 2 0
github.com/westhuis/monty-hall/pkg/ui/animations.go:360.19,362.3 1 0
github.com/westhuis/monty-hall/pkg/ui/animations.go:365.2,365.21 1 0
github.com/westhuis/monty-hall/pkg/ui/animations.go:365.21,367.3 1 0
github.com/westhuis/monty-hall/pkg/ui/animations.go:368.2,368.21 1 0
github.com/westhuis/monty-hall/pkg/ui/animations.go:379.91,387.41 3 0
github.com/westhuis/monty-hall/pkg/ui/animations.go:387.41,389.28 2 0
github.com/westhuis/monty-hall/pkg/ui/animations.go:389.28,391.4 1 0
github.com/westhuis/monty-hall/pkg/ui/animations.go:392.3,392.36 1 0
github.com/westhuis/monty-hall/pkg/ui/animations.go:395.2,395.11 1 0
github.com/westhuis/monty-hall/pkg/ui/animations.go:399.56,401.2 1 0
github.com/westhuis/monty-hall/pkg/ui/animations.go:420.59,426.2 1 0
github.com/westhuis/monty-hall/pkg/ui/animations.go:429.69,433.26 3 0
github.com/westhuis/monty-hall/pkg/ui/animations.go:433.26,445.3 2 0
github.com/westhuis/monty-hall/pkg/ui/animations.go:449.53,450.46 1 0
github.com/westhuis/monty-hall/pkg/ui/animations.go:450.46,461.18 5 0
github.com/westhuis/monty-hall/pkg/ui/animations.go:461.18,463.4 1 0
github.com/westhuis/monty-hall/pkg/ui/animations.go:468.47,470.22 2 0
github.com/westhuis/monty-hall/pkg/ui/animations.go:470.22,472.26 2 0
github.com/westhuis/monty-hall/pkg/ui/animations.go:472.26,474.4 1 0
github.com/westhuis/monty-hall/pkg/ui/animations.go:477.2,477.33 1 0
github.com/westhuis/monty-hall/pkg/ui/animations.go:477.33,479.56 2 0
github.com/westhuis/monty-hall/pkg/ui/animations.go:479.56,482.4 2 0
github.com/westhuis/monty-hall/pkg/ui/animations.go:485.2,485.13 1 0
github.com/westhuis/monty-hall/pkg/ui/animations.go:489.47,491.2 1 0
github.com/westhuis/monty-hall/pkg/ui/animations.go:494.50,496.2 1 0
github.com/westhuis/monty-hall/pkg/ui/components.go:23.90,33.2 1 1
github.com/westhuis/monty-hall/pkg/ui/components.go:36.119,39.26 2 0
github.com/westhuis/monty-hall/pkg/ui/components.go:39.26,41.3 1 0
github.com/westhuis/monty-hall/pkg/ui/components.go:41.8,41.33 1 0
github.com/westhuis/monty-hall/pkg/ui/components.go:41.33,43.3 1 0
github.com/westhuis/monty-hall/pkg/ui/components.go:45.2,53.3 1 0
github.com/westhuis/monty-hall/pkg/ui/components.go:57.41,62.14 3 1
github.com/westhuis/monty-hall/pkg/ui/components.go:62.14,64.3 1 1
github.com/westhuis/monty-hall/pkg/ui/components.go:64.8,64.23 1 1
github.com/westhuis/monty-hall/pkg/ui/components.go:64.23,66.3 1 1
github.com/westhuis/monty-hall/pkg/ui/components.go:66.8,66.60 1 1
github.com/westhuis/monty-hall/pkg/ui/components.go:66.60,68.3 1 0
github.com/westhuis/monty-hall/pkg/ui/components.go:68.8,70.3 1 1
github.com/westhuis/monty-hall/pkg/ui/components.go:73.2,73.17 1 1
github.com/westhuis/monty-hall/pkg/ui/components.go:74.19,75.33 1 1
github.com/westhuis/monty-hall/pkg/ui/components.go:76.19,77.28 1 1
github.com/westhuis/monty-hall/pkg/ui/components.go:77.28,79.4 1 1
github.com/westhuis/monty-hall/pkg/ui/components.go:79.9,81.4 1 1
github.com/westhuis/monty-hall/pkg/ui/components.go:84.2,84.30 1 1
github.com/westhuis/monty-hall/pkg/ui/components.go:88.114,93.17 3 1
github.com/westhuis/monty-hall/pkg/ui/components.go:93.17,96.3 1 1
github.com/westhuis/monty-hall/pkg/ui/components.go:96.8,96.21 1 0
github.com/westhuis/monty-hall/pkg/ui/components.go:96.21,98.3 1 0
github.com/westhuis/monty-hall/pkg/ui/components.go:98.8,98.23 1 0
github.com/westhuis/monty-hall/pkg/ui/components.go:98.23,100.3 1 0
github.com/westhuis/monty-hall/pkg/ui/components.go:100.8,100.60 1 0
github.com/westhuis/monty-hall/pkg/ui/components.go:100.60,102.3 1 0
github.com/westhuis/monty-hall/pkg/ui/components.go:102.8,104.3 1 0
github.com/westhuis/monty-hall/pkg/ui/components.go:107.2,107.17 1 1
github.com/westhuis/monty-hall/pkg/ui/components.go:107.17,109.3 1 1
github.com/westhuis/monty-hall/pkg/ui/components.go:109.8,110.18 1 0
github.com/westhuis/monty-hall/pkg/ui/components.go:111.20,112.34 1 0
github.com/westhuis/monty-hall/pkg/ui/components.go:113.20,114.29 1 0
github.com/westhuis/monty-hall/pkg/ui/components.go:114.29,116.5 1 0
github.com/westhuis/monty-hall/pkg/ui/components.go:116.10,118.5 1 0
github.com/westhuis/monty-hall/pkg/ui/components.go:122.2,122.30 1 1
github.com/westhuis/monty-hall/pkg/ui/components.go:126.51,139.19 8 1
github.com/westhuis/monty-hall/pkg/ui/components.go:139.19,146.3 1 0
github.com/westhuis/monty-hall/pkg/ui/components.go:146.8,153.3 1 1
github.com/westhuis/monty-hall/pkg/ui/components.go:155.2,167.14 3 1
github.com/westhuis/monty-hall/pkg/ui/components.go:167.14,170.3 2 1
github.com/westhuis/monty-hall/pkg/ui/components.go:170.8,170.23 1 1
github.com/westhuis/monty-hall/pkg/ui/components.go:170.23,173.3 2 0
github.com/westhuis/monty-hall/pkg/ui/components.go:173.8,176.3 2 1
github.com/westhuis/monty-hall/pkg/ui/components.go:178.2,178.16 1 1
github.com/westhuis/monty-hall/pkg/ui/components.go:182.67,183.24 1 1
github.com/westhuis/monty-hall/pkg/ui/components.go:183.24,185.3 1 1
github.com/westhuis/monty-hall/pkg/ui/components.go:186.2,189.34 4 1
github.com/westhuis/monty-hall/pkg/ui/components.go:193.48,204.19 6 1
github.com/westhuis/monty-hall/pkg/ui/components.go:204.19,213.3 1 0
github.com/westhuis/monty-hall/pkg/ui/components.go:213.8,213.26 1 1
github.com/westhuis/monty-hall/pkg/ui/components.go:213.26,222.3 1 0
github.com/westhuis/monty-hall/pkg/ui/components.go:222.8,231.3 1 1
github.com/westhuis/monty-hall/pkg/ui/components.go:233.2,249.16 6 1
github.com/westhuis/monty-hall/pkg/ui/components.go:253.49,266.19 8 1
github.com/westhuis/monty-hall/pkg/ui/components.go:266.19,273.3 1 0
github.com/westhuis/monty-hall/pkg/ui/components.go:273.8,273.26 1 1
github.com/westhuis/monty-hall/pkg/ui/components.go:273.26,280.3 1 0
github.com/westhuis/monty-hall/pkg/ui/components.go:280.8,287.3 1 1
github.com/westhuis/monty-hall/pkg/ui/components.go:289.2,304.16 5 1
github.com/westhuis/monty-hall/pkg/ui/components.go:308.100,311.29 2 1
github.com/westhuis/monty-hall/pkg/ui/components.go:311.29,322.42 4 1
github.com/westhuis/monty-hall/pkg/ui/components.go:322.42,324.4 1 1
github.com/westhuis/monty-hall/pkg/ui/components.go:327.3,327.14 1 1
github.com/westhuis/monty-hall/pkg/ui/components.go:327.14,329.4 1 1
github.com/westhuis/monty-hall/pkg/ui/components.go:331.3,332.61 2 1
github.com/westhuis/monty-hall/pkg/ui/components.go:336.2,336.65 1 1
github.com/westhuis/monty-hall/pkg/ui/components.go:348.75,355.2 1 1
github.com/westhuis/monty-hall/pkg/ui/components.go:358.39,359.18 1 1
github.com/westhuis/monty-hall/pkg/ui/components.go:359.18,361.3 1 0
github.com/westhuis/monty-hall/pkg/ui/components.go:363.2,373.65 7 1
github.com/westhuis/monty-hall/pkg/ui/components.go:385.81,392.2 1 1
github.com/westhuis/monty-hall/pkg/ui/components.go:395.37,427.2 6 1
github.com/westhuis/monty-hall/pkg/ui/components.go:436.70,438.15 2 1
github.com/westhuis/monty-hall/pkg/ui/components.go:439.26,440.35 1 1
github.com/westhuis/monty-hall/pkg/ui/components.go:441.24,442.34 1 1
github.com/westhuis/monty-hall/pkg/ui/components.go:443.21,444.33 1 1
github.com/westhuis/monty-hall/pkg/ui/components.go:445.10,446.32 1 0
github.com/westhuis/monty-hall/pkg/ui/components.go:449.2,452.3 1 1
github.com/westhuis/monty-hall/pkg/ui/components.go:456.46,467.2 4 1
github.com/westhuis/monty-hall/pkg/ui/components.go:477.69,483.2 1 1
github.com/westhuis/monty-hall/pkg/ui/components.go:486.35,507.33 6 1
github.com/westhuis/monty-hall/pkg/ui/components.go:507.33,509.3 1 1
github.com/westhuis/monty-hall/pkg/ui/components.go:511.2,512.33 2 1
github.com/westhuis/monty-hall/pkg/ui/components.go:516.28,532.2 3 0
github.com/westhuis/monty-hall/pkg/ui/components.go:542.60,548.2 1 1
github.com/westhuis/monty-hall/pkg/ui/components.go:551.38,554.16 2 1
github.com/westhuis/monty-hall/pkg/ui/components.go:554.16,556.3 1 1
github.com/westhuis/monty-hall/pkg/ui/components.go:556.8,558.3 1 1
github.com/westhuis/monty-hall/pkg/ui/components.go:560.2,560.44 1 1
github.com/westhuis/monty-hall/pkg/ui/components.go:570.49,573.35 2 1
github.com/westhuis/monty-hall/pkg/ui/components.go:573.35,583.3 4 1
github.com/westhuis/monty-hall/pkg/ui/components.go:585.2,596.36 3 1
github.com/westhuis/monty-hall/pkg/ui/components.go:600.69,611.14 2 1
github.com/westhuis/monty-hall/pkg/ui/components.go:611.14,613.3 1 0
github.com/westhuis/monty-hall/pkg/ui/components.go:613.8,613.23 1 1
github.com/westhuis/monty-hall/pkg/ui/components.go:613.23,615.3 1 0
github.com/westhuis/monty-hall/pkg/ui/components.go:615.8,617.3 1 1
github.com/westhuis/monty-hall/pkg/ui/components.go:619.2,619.16 1 1
github.com/westhuis/monty-hall/pkg/ui/components.go:623.127,626.29 2 0
github.com/westhuis/monty-hall/pkg/ui/components.go:626.29,637.42 4 0
github.com/westhuis/monty-hall/pkg/ui/components.go:637.42,639.4 1 0
github.com/westhuis/monty-hall/pkg/ui/components.go:642.3,642.14 1 0
github.com/westhuis/monty-hall/pkg/ui/components.go:642.14,644.4 1 0
github.com/westhuis/monty-hall/pkg/ui/components.go:646.3,649.27 2 0
github.com/westhuis/monty-hall/pkg/ui/components.go:649.27,653.19 3 0
github.com/westhuis/monty-hall/pkg/ui/components.go:653.19,655.5 1 0
github.com/westhuis/monty-hall/pkg/ui/components.go:655.10,657.5 1 0
github.com/westhuis/monty-hall/pkg/ui/components.go:658.9,660.4 1 0
github.com/westhuis/monty-hall/pkg/ui/components.go:664.2,664.65 1 0
github.com/westhuis/monty-hall/pkg/ui/components.go:668.129,671.29 2 0
github.com/westhuis/monty-hall/pkg/ui/components.go:671.29,682.42 4 0
github.com/westhuis/monty-hall/pkg/ui/components.go:682.42,684.4 1 0
github.com/westhuis/monty-hall/pkg/ui/components.go:687.3,687.14 1 0
github.com/westhuis/monty-hall/pkg/ui/components.go:687.14,689.4 1 0
github.com/westhuis/monty-hall/pkg/ui/components.go:691.3,692.61 2 0
github.com/westhuis/monty-hall/pkg/ui/components.go:696.2,697.26 2 0
github.com/westhuis/monty-hall/pkg/ui/components.go:697.26,699.3 1 0
github.com/westhuis/monty-hall/pkg/ui/components.go:699.8,699.33 1 0
github.com/westhuis/monty-hall/pkg/ui/components.go:699.33,701.3 1 0
github.com/westhuis/monty-hall/pkg/ui/components.go:704.2,705.38 2 0
github.com/westhuis/monty-hall/pkg/ui/components.go:705.38,707.32 2 0
github.com/westhuis/monty-hall/pkg/ui/components.go:707.32,709.4 1 0
github.com/westhuis/monty-hall/pkg/ui/components.go:712.2,712.67 1 0
github.com/westhuis/monty-hall/pkg/ui/model.go:14.24,37.2 2 1
github.com/westhuis/monty-hall/pkg/ui/model.go:40.32,42.2 1 1
github.com/westhuis/monty-hall/pkg/ui/model.go:45.58,46.27 1 1
github.com/westhuis/monty-hall/pkg/ui/model.go:47.25,51.19 3 1
github.com/westhuis/monty-hall/pkg/ui/model.go:51.20,53.4 0 0
github.com/westhuis/monty-hall/pkg/ui/model.go:54.3,54.16 1 1
github.com/westhuis/monty-hall/pkg/ui/model.go:56.18,57.31 1 1
github.com/westhuis/monty-hall/pkg/ui/model.go:59.21,61.20 2 0
github.com/westhuis/monty-hall/pkg/ui/model.go:61.20,63.4 1 0
github.com/westhuis/monty-hall/pkg/ui/model.go:64.3,64.16 1 0
github.com/westhuis/monty-hall/pkg/ui/model.go:66.22,67.16 1 0
github.com/westhuis/monty-hall/pkg/ui/model.go:69.16,71.16 2 1
github.com/westhuis/monty-hall/pkg/ui/model.go:73.18,75.16 2 1
github.com/westhuis/monty-hall/pkg/ui/model.go:77.24,79.40 1 0
github.com/westhuis/monty-hall/pkg/ui/model.go:81.22,84.16 2 0
github.com/westhuis/monty-hall/pkg/ui/model.go:87.2,87.15 1 0
github.com/westhuis/monty-hall/pkg/ui/model.go:91.69,97.22 3 1
github.com/westhuis/monty-hall/pkg/ui/model.go:98.16,99.21 1 0
github.com/westhuis/monty-hall/pkg/ui/model.go:101.12,103.17 1 1
github.com/westhuis/monty-hall/pkg/ui/model.go:103.17,106.4 2 1
github.com/westhuis/monty-hall/pkg/ui/model.go:107.3,107.36 1 1
github.com/westhuis/monty-hall/pkg/ui/model.go:107.36,110.4 1 1
github.com/westhuis/monty-hall/pkg/ui/model.go:110.9,115.4 3 1
github.com/westhuis/monty-hall/pkg/ui/model.go:117.12,119.16 2 1
github.com/westhuis/monty-hall/pkg/ui/model.go:121.17,122.17 1 0
github.com/westhuis/monty-hall/pkg/ui/model.go:122.17,125.4 2 0
github.com/westhuis/monty-hall/pkg/ui/model.go:126.3,126.36 1 0
github.com/westhuis/monty-hall/pkg/ui/model.go:126.36,130.4 3 0
github.com/westhuis/monty-hall/pkg/ui/model.go:134.2,134.23 1 1
github.com/westhuis/monty-hall/pkg/ui/model.go:135.20,136.35 1 1
github.com/westhuis/monty-hall/pkg/ui/model.go:137.16,138.31 1 1
github.com/westhuis/monty-hall/pkg/ui/model.go:139.17,140.32 1 1
github.com/westhuis/monty-hall/pkg/ui/model.go:143.2,143.15 1 0
github.com/westhuis/monty-hall/pkg/ui/model.go:147.73,148.22 1 1
github.com/westhuis/monty-hall/pkg/ui/model.go:149.18,150.23 1 1
github.com/westhuis/monty-hall/pkg/ui/model.go:150.23,152.4 1 1
github.com/westhuis/monty-hall/pkg/ui/model.go:154.20,156.34 2 1
github.com/westhuis/monty-hall/pkg/ui/model.go:156.34,158.4 1 1
github.com/westhuis/monty-hall/pkg/ui/model.go:160.26,161.31 1 1
github.com/westhuis/monty-hall/pkg/ui/model.go:164.2,164.15 1 1
github.com/westhuis/monty-hall/pkg/ui/model.go:168.58,169.22 1 1
github.com/westhuis/monty-hall/pkg/ui/model.go:170.9,175.16 5 1
github.com/westhuis/monty-hall/pkg/ui/model.go:177.9,180.16 3 0
github.com/westhuis/monty-hall/pkg/ui/model.go:182.9,184.16 2 0
github.com/westhuis/monty-hall/pkg/ui/model.go:186.9,187.21 1 0
github.com/westhuis/monty-hall/pkg/ui/model.go:190.2,190.15 1 0
github.com/westhuis/monty-hall/pkg/ui/model.go:194.69,195.19 1 1
github.com/westhuis/monty-hall/pkg/ui/model.go:195.19,197.3 1 0
github.com/westhuis/monty-hall/pkg/ui/model.go:199.2,199.22 1 1
github.com/westhuis/monty-hall/pkg/ui/model.go:200.20,201.21 1 1
github.com/westhuis/monty-hall/pkg/ui/model.go:203.21,204.22 1 1
github.com/westhuis/monty-hall/pkg/ui/model.go:206.12,207.28 1 0
github.com/westhuis/monty-hall/pkg/ui/model.go:207.28,209.4 1 0
github.com/westhuis/monty-hall/pkg/ui/model.go:211.12,212.28 1 0
github.com/westhuis/monty-hall/pkg/ui/model.go:212.28,214.4 1 0
github.com/westhuis/monty-hall/pkg/ui/model.go:216.12,217.28 1 1
github.com/westhuis/monty-hall/pkg/ui/model.go:217.28,219.4 1 1
github.com/westhuis/monty-hall/pkg/ui/model.go:221.26,222.26 1 1
github.com/westhuis/monty-hall/pkg/ui/model.go:222.26,228.4 4 1
github.com/westhuis/monty-hall/pkg/ui/model.go:229.3,229.24 1 1
github.com/westhuis/monty-hall/pkg/ui/model.go:231.12,232.39 1 1
github.com/westhuis/monty-hall/pkg/ui/model.go:232.39,234.4 1 1
github.com/westhuis/monty-hall/pkg/ui/model.go:234.9,238.4 2 1
github.com/westhuis/monty-hall/pkg/ui/model.go:240.12,241.26 1 0
github.com/westhuis/monty-hall/pkg/ui/model.go:241.26,246.4 4 0
github.com/westhuis/monty-hall/pkg/ui/model.go:249.2,249.15 1 1
github.com/westhuis/monty-hall/pkg/ui/model.go:253.51,254.19 1 1
github.com/westhuis/monty-hall/pkg/ui/model.go:254.19,256.3 1 0
github.com/westhuis/monty-hall/pkg/ui/model.go:259.2,259.39 1 1
github.com/westhuis/monty-hall/pkg/ui/model.go:259.39,262.3 2 0
github.com/westhuis/monty-hall/pkg/ui/model.go:264.2,264.22 1 1
github.com/westhuis/monty-hall/pkg/ui/model.go:265.26,267.17 2 1
github.com/westhuis/monty-hall/pkg/ui/model.go:267.17,269.4 1 0
github.com/westhuis/monty-hall/pkg/ui/model.go:269.9,272.4 1 1
github.com/westhuis/monty-hall/pkg/ui/model.go:273.3,273.16 1 0
github.com/westhuis/monty-hall/pkg/ui/model.go:275.24,277.17 2 1
github.com/westhuis/monty-hall/pkg/ui/model.go:277.17,279.4 1 0
github.com/westhuis/monty-hall/pkg/ui/model.go:279.9,282.28 2 1
github.com/westhuis/monty-hall/pkg/ui/model.go:282.28,283.68 1 1
github.com/westhuis/monty-hall/pkg/ui/model.go:283.68,285.6 1 0
github.com/westhuis/monty-hall/pkg/ui/model.go:288.4,288.69 1 1
github.com/westhuis/monty-hall/pkg/ui/model.go:288.69,290.5 1 0
github.com/westhuis/monty-hall/pkg/ui/model.go:292.3,292.16 1 1
github.com/westhuis/monty-hall/pkg/ui/model.go:295.2,295.15 1 0
github.com/westhuis/monty-hall/pkg/ui/model.go:299.53,300.55 1 1
github.com/westhuis/monty-hall/pkg/ui/model.go:300.55,302.3 1 0
github.com/westhuis/monty-hall/pkg/ui/model.go:304.2,305.16 2 1
github.com/westhuis/monty-hall/pkg/ui/model.go:305.16,307.3 1 0
github.com/westhuis/monty-hall/pkg/ui/model.go:307.8,310.27 2 1
github.com/westhuis/monty-hall/pkg/ui/model.go:310.27,311.67 1 1
github.com/westhuis/monty-hall/pkg/ui/model.go:311.67,313.5 1 0
github.com/westhuis/monty-hall/pkg/ui/model.go:316.3,316.68 1 1
github.com/westhuis/monty-hall/pkg/ui/model.go:316.68,318.4 1 1
github.com/westhuis/monty-hall/pkg/ui/model.go:321.2,321.15 1 1
github.com/westhuis/monty-hall/pkg/ui/model.go:325.70,326.22 1 1
github.com/westhuis/monty-hall/pkg/ui/model.go:327.20,328.22 1 0
github.com/westhuis/monty-hall/pkg/ui/model.go:328.22,330.4 1 0
github.com/westhuis/monty-hall/pkg/ui/model.go:332.21,333.38 1 0
github.com/westhuis/monty-hall/pkg/ui/model.go:333.38,335.4 1 0
github.com/westhuis/monty-hall/pkg/ui/model.go:337.26,343.16 5 1
github.com/westhuis/monty-hall/pkg/ui/model.go:345.12,347.31 1 0
github.com/westhuis/monty-hall/pkg/ui/model.go:350.2,350.15 1 0
github.com/westhuis/monty-hall/pkg/ui/model.go:354.58,358.16 2 0
github.com/westhuis/monty-hall/pkg/ui/model.go:358.16,360.3 1 0
github.com/westhuis/monty-hall/pkg/ui/model.go:360.8,362.3 1 0
github.com/westhuis/monty-hall/pkg/ui/model.go:364.2,364.15 1 0
github.com/westhuis/monty-hall/pkg/ui/model.go:368.31,369.16 1 1
github.com/westhuis/monty-hall/pkg/ui/model.go:369.16,371.3 1 1
github.com/westhuis/monty-hall/pkg/ui/model.go:373.2,373.23 1 1
github.com/westhuis/monty-hall/pkg/ui/model.go:374.20,375.28 1 1
github.com/westhuis/monty-hall/pkg/ui/model.go:376.16,377.24 1 1
github.com/westhuis/monty-hall/pkg/ui/model.go:378.17,379.25 1 1
github.com/westhuis/monty-hall/pkg/ui/model.go:380.10,381.24 1 0
github.com/westhuis/monty-hall/pkg/ui/model.go:386.37,428.2 4 1
github.com/westhuis/monty-hall/pkg/ui/model.go:431.41,448.33 5 1
github.com/westhuis/monty-hall/pkg/ui/model.go:448.33,451.3 2 1
github.com/westhuis/monty-hall/pkg/ui/model.go:454.2,458.26 3 1
github.com/westhuis/monty-hall/pkg/ui/model.go:458.26,460.3 1 0
github.com/westhuis/monty-hall/pkg/ui/model.go:461.2,461.28 1 1
github.com/westhuis/monty-hall/pkg/ui/model.go:461.28,463.3 1 0
github.com/westhuis/monty-hall/pkg/ui/model.go:466.2,480.23 8 1
github.com/westhuis/monty-hall/pkg/ui/model.go:480.23,483.3 2 0
github.com/westhuis/monty-hall/pkg/ui/model.go:485.2,487.59 2 1
github.com/westhuis/monty-hall/pkg/ui/model.go:491.37,492.19 1 1
github.com/westhuis/monty-hall/pkg/ui/model.go:492.19,494.3 1 0
github.com/westhuis/monty-hall/pkg/ui/model.go:497.2,508.19 7 1
github.com/westhuis/monty-hall/pkg/ui/model.go:508.19,521.3 8 0
github.com/westhuis/monty-hall/pkg/ui/model.go:523.2,523.22 1 1
github.com/westhuis/monty-hall/pkg/ui/model.go:524.26,542.36 9 1
github.com/westhuis/monty-hall/pkg/ui/model.go:544.24,561.42 13 1
github.com/westhuis/monty-hall/pkg/ui/model.go:561.42,562.45 1 1
github.com/westhuis/monty-hall/pkg/ui/model.go:562.45,564.5 1 1
github.com/westhuis/monty-hall/pkg/ui/model.go:564.10,566.5 1 1
github.com/westhuis/monty-hall/pkg/ui/model.go:569.3,585.36 10 1
github.com/westhuis/monty-hall/pkg/ui/model.go:587.21,589.40 2 1
github.com/westhuis/monty-hall/pkg/ui/model.go:593.2,593.26 1 1
github.com/westhuis/monty-hall/pkg/ui/model.go:593.26,596.3 2 0
github.com/westhuis/monty-hall/pkg/ui/model.go:598.2,598.59 1 1
github.com/westhuis/monty-hall/pkg/ui/model.go:602.43,603.26 1 1
github.com/westhuis/monty-hall/pkg/ui/model.go:603.26,605.3 1 0
github.com/westhuis/monty-hall/pkg/ui/model.go:607.2,614.43 5 1
github.com/westhuis/monty-hall/pkg/ui/model.go:614.43,616.3 1 1
github.com/westhuis/monty-hall/pkg/ui/model.go:616.8,618.3 1 0
github.com/westhuis/monty-hall/pkg/ui/model.go:620.2,632.23 9 1
github.com/westhuis/monty-hall/pkg/ui/model.go:632.23,639.3 3 0
github.com/westhuis/monty-hall/pkg/ui/model.go:639.8,642.3 2 1
github.com/westhuis/monty-hall/pkg/ui/model.go:645.2,652.59 3 1
github.com/westhuis/monty-hall/pkg/ui/model.go:656.38,666.27 6 1
github.com/westhuis/monty-hall/pkg/ui/model.go:666.27,680.3 6 1
github.com/westhuis/monty-hall/pkg/ui/model.go:683.2,720.37 10 1
github.com/westhuis/monty-hall/pkg/ui/model.go:720.37,728.3 2 1
github.com/westhuis/monty-hall/pkg/ui/model.go:730.2,730.39 1 1
github.com/westhuis/monty-hall/pkg/ui/model.go:730.39,738.3 2 1
github.com/westhuis/monty-hall/pkg/ui/model.go:740.2,751.35 5 1
github.com/westhuis/monty-hall/pkg/ui/model.go:751.35,753.3 1 1
github.com/westhuis/monty-hall/pkg/ui/model.go:756.2,756.28 1 1
github.com/westhuis/monty-hall/pkg/ui/model.go:756.28,762.38 5 0
github.com/westhuis/monty-hall/pkg/ui/model.go:762.38,764.4 1 0
github.com/westhuis/monty-hall/pkg/ui/model.go:764.9,764.43 1 0
github.com/westhuis/monty-hall/pkg/ui/model.go:764.43,766.4 1 0
github.com/westhuis/monty-hall/pkg/ui/model.go:766.9,768.4 1 0
github.com/westhuis/monty-hall/pkg/ui/model.go:770.3,770.78 1 0
github.com/westhuis/monty-hall/pkg/ui/model.go:774.2,780.59 3 1
github.com/westhuis/monty-hall/pkg/ui/model.go:786.54,787.19 1 1
github.com/westhuis/monty-hall/pkg/ui/model.go:787.19,789.3 1 0
github.com/westhuis/monty-hall/pkg/ui/model.go:791.2,791.22 1 1
github.com/westhuis/monty-hall/pkg/ui/model.go:792.26,794.53 1 1
github.com/westhuis/monty-hall/pkg/ui/model.go:796.24,799.44 1 1
github.com/westhuis/monty-hall/pkg/ui/model.go:801.21,803.15 1 0
github.com/westhuis/monty-hall/pkg/ui/model.go:805.10,806.15 1 0
github.com/westhuis/monty-hall/pkg/ui/model.go:811.44,812.19 1 1
github.com/westhuis/monty-hall/pkg/ui/model.go:812.19,814.3 1 0
github.com/westhuis/monty-hall/pkg/ui/model.go:816.2,817.37 2 1
github.com/westhuis/monty-hall/pkg/ui/model.go:817.37,818.28 1 1
github.com/westhuis/monty-hall/pkg/ui/model.go:818.28,820.4 1 1
github.com/westhuis/monty-hall/pkg/ui/model.go:822.2,822.19 1 1
github.com/westhuis/monty-hall/pkg/ui/model.go:826.34,828.31 2 1
github.com/westhuis/monty-hall/pkg/ui/model.go:828.31,830.3 1 0
github.com/westhuis/monty-hall/pkg/ui/model.go:833.2,834.39 2 1
github.com/westhuis/monty-hall/pkg/ui/model.go:834.39,835.27 1 1
github.com/westhuis/monty-hall/pkg/ui/model.go:835.27,837.9 2 1
github.com/westhuis/monty-hall/pkg/ui/model.go:842.2,842.22 1 1
github.com/westhuis/monty-hall/pkg/ui/model.go:842.22,844.3 1 1
github.com/westhuis/monty-hall/pkg/ui/model.go:844.8,844.30 1 0
github.com/westhuis/monty-hall/pkg/ui/model.go:844.30,847.3 1 0
github.com/westhuis/monty-hall/pkg/ui/model.go:847.8,850.3 1 0
github.com/westhuis/monty-hall/pkg/ui/model.go:854.35,856.31 2 1
github.com/westhuis/monty-hall/pkg/ui/model.go:856.31,858.3 1 0
github.com/westhuis/monty-hall/pkg/ui/model.go:861.2,862.39 2 1
github.com/westhuis/monty-hall/pkg/ui/model.go:862.39,863.27 1 1
github.com/westhuis/monty-hall/pkg/ui/model.go:863.27,865.9 2 1
github.com/westhuis/monty-hall/pkg/ui/model.go:870.2,870.64 1 1
github.com/westhuis/monty-hall/pkg/ui/model.go:870.64,872.3 1 1
github.com/westhuis/monty-hall/pkg/ui/model.go:872.8,872.51 1 1
github.com/westhuis/monty-hall/pkg/ui/model.go:872.51,875.3 1 1
github.com/westhuis/monty-hall/pkg/ui/model.go:875.8,878.3 1 0
github.com/westhuis/monty-hall/pkg/ui/model.go:884.63,885.52 1 1
github.com/westhuis/monty-hall/pkg/ui/model.go:885.52,887.3 1 0
github.com/westhuis/monty-hall/pkg/ui/model.go:890.2,896.36 5 1
github.com/westhuis/monty-hall/pkg/ui/model.go:900.49,901.52 1 1
github.com/westhuis/monty-hall/pkg/ui/model.go:901.52,903.3 1 0
github.com/westhuis/monty-hall/pkg/ui/model.go:906.2,906.43 1 1
github.com/westhuis/monty-hall/pkg/ui/model.go:906.43,917.3 4 1
github.com/westhuis/monty-hall/pkg/ui/model.go:919.2,919.12 1 0
github.com/westhuis/monty-hall/pkg/ui/model.go:923.79,924.77 1 0
github.com/westhuis/monty-hall/pkg/ui/model.go:924.77,926.3 1 0
github.com/westhuis/monty-hall/pkg/ui/model.go:927.2,927.26 1 0
github.com/westhuis/monty-hall/pkg/ui/model.go:931.43,933.2 1 0
github.com/westhuis/monty-hall/pkg/ui/model.go:937.44,942.59 3 1
github.com/westhuis/monty-hall/pkg/ui/model.go:942.59,944.3 1 0
github.com/westhuis/monty-hall/pkg/ui/styles.go:209.57,211.2 1 0
github.com/westhuis/monty-hall/pkg/ui/styles.go:213.56,215.2 1 0
github.com/westhuis/monty-hall/pkg/ui/styles.go:217.55,219.2 1 1
github.com/westhuis/monty-hall/pkg/ui/styles.go:222.44,223.24 1 1
github.com/westhuis/monty-hall/pkg/ui/styles.go:223.24,225.3 1 0
github.com/westhuis/monty-hall/pkg/ui/styles.go:225.8,225.32 1 1
github.com/westhuis/monty-hall/pkg/ui/styles.go:225.32,227.3 1 1
github.com/westhuis/monty-hall/pkg/ui/styles.go:228.2,228.12 1 0
github.com/westhuis/monty-hall/pkg/ui/styles.go:231.46,232.25 1 0
github.com/westhuis/monty-hall/pkg/ui/styles.go:232.25,234.3 1 0
github.com/westhuis/monty-hall/pkg/ui/styles.go:235.2,235.27 1 0
github.com/westhuis/monty-hall/pkg/ui/styles.go:239.77,241.21 1 0
github.com/westhuis/monty-hall/pkg/ui/styles.go:241.21,243.3 1 0
github.com/westhuis/monty-hall/pkg/ui/styles.go:244.2,244.18 1 0
github.com/westhuis/monty-hall/pkg/ui/styles.go:248.49,249.15 1 1
github.com/westhuis/monty-hall/pkg/ui/styles.go:250.24,251.65 1 0
github.com/westhuis/monty-hall/pkg/ui/styles.go:252.22,253.65 1 0
github.com/westhuis/monty-hall/pkg/ui/styles.go:254.19,255.67 1 0
github.com/westhuis/monty-hall/pkg/ui/styles.go:256.10,257.51 1 1
github.com/westhuis/monty-hall/pkg/ui/styles.go:262.32,264.2 1 1
github.com/westhuis/monty-hall/pkg/ui/styles.go:266.32,271.2 1 0
github.com/westhuis/monty-hall/pkg/ui/styles.go:274.62,275.20 1 1
github.com/westhuis/monty-hall/pkg/ui/styles.go:275.20,277.3 1 0
github.com/westhuis/monty-hall/pkg/ui/styles.go:280.2,281.21 2 1
github.com/westhuis/monty-hall/pkg/ui/styles.go:281.21,283.3 1 1
github.com/westhuis/monty-hall/pkg/ui/styles.go:285.2,285.31 1 1
github.com/westhuis/monty-hall/pkg/ui/styles.go:288.44,290.41 2 1
github.com/westhuis/monty-hall/pkg/ui/styles.go:290.41,292.3 1 0
github.com/westhuis/monty-hall/pkg/ui/styles.go:294.2,295.29 2 1
github.com/westhuis/monty-hall/pkg/ui/styles.go:295.29,296.24 1 1
github.com/westhuis/monty-hall/pkg/ui/styles.go:296.24,298.4 1 1
github.com/westhuis/monty-hall/pkg/ui/styles.go:300.2,300.15 1 1
github.com/westhuis/monty-hall/pkg/ui/styles.go:303.87,306.21 1 0
github.com/westhuis/monty-hall/pkg/ui/styles.go:306.21,308.3 1 0
github.com/westhuis/monty-hall/pkg/ui/styles.go:309.2,309.15 1 0
github.com/westhuis/monty-hall/pkg/ui/styles.go:312.62,316.21 2 1
github.com/westhuis/monty-hall/pkg/ui/styles.go:316.21,318.3 1 0
github.com/westhuis/monty-hall/pkg/ui/styles.go:318.8,318.28 1 1
github.com/westhuis/monty-hall/pkg/ui/styles.go:318.28,320.3 1 1
github.com/westhuis/monty-hall/pkg/ui/styles.go:321.2,321.36 1 0
github.com/westhuis/monty-hall/pkg/ui/styles.go:324.62,328.2 2 0
github.com/westhuis/monty-hall/pkg/ui/styles.go:331.83,332.22 1 1
github.com/westhuis/monty-hall/pkg/ui/styles.go:332.22,334.3 1 0
github.com/westhuis/monty-hall/pkg/ui/styles.go:336.2,336.22 1 1
github.com/westhuis/monty-hall/pkg/ui/styles.go:336.22,338.3 1 0
github.com/westhuis/monty-hall/pkg/ui/styles.go:341.2,342.26 2 1
github.com/westhuis/monty-hall/pkg/ui/styles.go:342.26,344.3 1 0
github.com/westhuis/monty-hall/pkg/ui/styles.go:346.2,346.67 1 1
github.com/westhuis/monty-hall/pkg/ui/styles.go:350.71,351.15 1 0
github.com/westhuis/monty-hall/pkg/ui/styles.go:352.17,353.26 1 0
github.com/westhuis/monty-hall/pkg/ui/styles.go:354.18,355.27 1 0
github.com/westhuis/monty-hall/pkg/ui/styles.go:356.17,357.22 1 0
github.com/westhuis/monty-hall/pkg/ui/styles.go:358.17,359.19 1 0
github.com/westhuis/monty-hall/pkg/ui/styles.go:360.10,361.25 1 0
github.com/westhuis/monty-hall/pkg/ui/styles.go:368.44,379.20 2 1
github.com/westhuis/monty-hall/pkg/ui/styles.go:379.20,381.3 1 0
github.com/westhuis/monty-hall/pkg/ui/styles.go:383.2,384.28 2 1
github.com/westhuis/monty-hall/pkg/ui/styles.go:384.28,388.3 3 1
github.com/westhuis/monty-hall/pkg/ui/styles.go:390.2,390.15 1 1
github.com/westhuis/monty-hall/pkg/ui/styles.go:394.82,395.20 1 1
github.com/westhuis/monty-hall/pkg/ui/styles.go:395.20,397.3 1 0
github.com/westhuis/monty-hall/pkg/ui/styles.go:399.2,400.28 2 1
github.com/westhuis/monty-hall/pkg/ui/styles.go:400.28,403.15 2 1
github.com/westhuis/monty-hall/pkg/ui/styles.go:403.15,405.4 1 1
github.com/westhuis/monty-hall/pkg/ui/styles.go:405.9,407.4 1 1
github.com/westhuis/monty-hall/pkg/ui/styles.go:409.3,410.39 2 1
github.com/westhuis/monty-hall/pkg/ui/styles.go:413.2,413.15 1 1
github.com/westhuis/monty-hall/pkg/ui/styles.go:417.67,423.2 2 1
github.com/westhuis/monty-hall/pkg/ui/styles.go:426.101,429.21 2 0
github.com/westhuis/monty-hall/pkg/ui/styles.go:429.21,431.3 1 0
github.com/westhuis/monty-hall/pkg/ui/styles.go:431.8,433.3 1 0
github.com/westhuis/monty-hall/pkg/ui/styles.go:435.2,436.21 2 0
github.com/westhuis/monty-hall/pkg/ui/styles.go:436.21,438.3 1 0
github.com/westhuis/monty-hall/pkg/ui/styles.go:440.2,440.27 1 0
github.com/westhuis/monty-hall/pkg/ui/styles.go:444.46,446.2 1 1
github.com/westhuis/monty-hall/pkg/ui/styles.go:449.47,451.2 1 1
github.com/westhuis/monty-hall/pkg/ui/styles.go:454.66,456.16 2 0
github.com/westhuis/monty-hall/pkg/ui/styles.go:456.16,458.3 1 0
github.com/westhuis/monty-hall/pkg/ui/styles.go:459.2,459.13 1 0
github.com/westhuis/monty-hall/pkg/ui/styles.go:484.53,485.16 1 1
github.com/westhuis/monty-hall/pkg/ui/styles.go:485.16,487.3 1 1
github.com/westhuis/monty-hall/pkg/ui/styles.go:487.8,487.24 1 1
github.com/westhuis/monty-hall/pkg/ui/styles.go:487.24,489.3 1 1
github.com/westhuis/monty-hall/pkg/ui/styles.go:490.2,490.20 1 1
github.com/westhuis/monty-hall/pkg/ui/styles.go:494.60,495.14 1 1
github.com/westhuis/monty-hall/pkg/ui/styles.go:496.19,504.4 1 1
github.com/westhuis/monty-hall/pkg/ui/styles.go:505.20,513.4 1 0
github.com/westhuis/monty-hall/pkg/ui/styles.go:514.19,522.4 1 1
github.com/westhuis/monty-hall/pkg/ui/styles.go:524.2,524.27 1 0
github.com/westhuis/monty-hall/pkg/ui/styles.go:528.75,529.24 1 1
github.com/westhuis/monty-hall/pkg/ui/styles.go:529.24,534.30 3 1
github.com/westhuis/monty-hall/pkg/ui/styles.go:534.30,535.35 1 1
github.com/westhuis/monty-hall/pkg/ui/styles.go:535.35,538.5 1 0
github.com/westhuis/monty-hall/pkg/ui/styles.go:539.4,539.45 1 1
github.com/westhuis/monty-hall/pkg/ui/styles.go:542.3,542.42 1 1
github.com/westhuis/monty-hall/pkg/ui/styles.go:545.2,545.16 1 0
github.com/westhuis/monty-hall/pkg/ui/styles.go:549.88,558.14 3 0
github.com/westhuis/monty-hall/pkg/ui/styles.go:558.14,563.3 1 0
github.com/westhuis/monty-hall/pkg/ui/styles.go:563.8,563.23 1 0
github.com/westhuis/monty-hall/pkg/ui/styles.go:563.23,567.3 1 0
github.com/westhuis/monty-hall/pkg/ui/styles.go:569.2,571.40 1 0
